[INFO  - 2016-07-03T22:30:45.562Z] GhostDriver - Main - running on port 63067
[INFO  - 2016-07-03T22:30:46.139Z] Session [c907c870-416d-11e6-aedd-030acc842cca] - page.settings - {"XSSAuditingEnabled":false,"javascriptCanCloseWindows":true,"javascriptCanOpenWindows":true,"javascriptEnabled":true,"loadImages":true,"localToRemoteUrlAccessEnabled":false,"userAgent":"Mozilla/5.0 (Macintosh; Intel Mac OS X) AppleWebKit/538.1 (KHTML, like Gecko) PhantomJS/2.1.1 Safari/538.1","webSecurityEnabled":true}
[INFO  - 2016-07-03T22:30:46.139Z] Session [c907c870-416d-11e6-aedd-030acc842cca] - page.customHeaders:  - {}
[INFO  - 2016-07-03T22:30:46.139Z] Session [c907c870-416d-11e6-aedd-030acc842cca] - Session.negotiatedCapabilities - {"browserName":"phantomjs","version":"2.1.1","driverName":"ghostdriver","driverVersion":"1.2.0","platform":"mac-10.11 (El Capitan)-64bit","javascriptEnabled":true,"takesScreenshot":true,"handlesAlerts":false,"databaseEnabled":false,"locationContextEnabled":false,"applicationCacheEnabled":false,"browserConnectionEnabled":false,"cssSelectorsEnabled":true,"webStorageEnabled":false,"rotatable":false,"acceptSslCerts":false,"nativeEvents":true,"proxy":{"proxyType":"direct"}}
[INFO  - 2016-07-03T22:30:46.139Z] SessionManagerReqHand - _postNewSessionCommand - New Session Created: c907c870-416d-11e6-aedd-030acc842cca
[INFO  - 2016-07-03T22:35:45.981Z] SessionManagerReqHand - _cleanupWindowlessSessions - Asynchronous Sessions clean-up phase starting NOW
[INFO  - 2016-07-03T22:40:45.989Z] SessionManagerReqHand - _cleanupWindowlessSessions - Asynchronous Sessions clean-up phase starting NOW
[INFO  - 2016-07-03T22:45:45.997Z] SessionManagerReqHand - _cleanupWindowlessSessions - Asynchronous Sessions clean-up phase starting NOW
[INFO  - 2016-07-03T22:50:46.005Z] SessionManagerReqHand - _cleanupWindowlessSessions - Asynchronous Sessions clean-up phase starting NOW
[INFO  - 2016-07-03T22:55:46.012Z] SessionManagerReqHand - _cleanupWindowlessSessions - Asynchronous Sessions clean-up phase starting NOW
[INFO  - 2016-07-03T23:01:45.050Z] SessionManagerReqHand - _cleanupWindowlessSessions - Asynchronous Sessions clean-up phase starting NOW
[INFO  - 2016-07-03T23:06:45.058Z] SessionManagerReqHand - _cleanupWindowlessSessions - Asynchronous Sessions clean-up phase starting NOW
[INFO  - 2016-07-03T23:11:45.066Z] SessionManagerReqHand - _cleanupWindowlessSessions - Asynchronous Sessions clean-up phase starting NOW
[INFO  - 2016-07-03T23:16:45.074Z] SessionManagerReqHand - _cleanupWindowlessSessions - Asynchronous Sessions clean-up phase starting NOW
[INFO  - 2016-07-03T23:21:45.082Z] SessionManagerReqHand - _cleanupWindowlessSessions - Asynchronous Sessions clean-up phase starting NOW
[INFO  - 2016-07-03T23:26:45.090Z] SessionManagerReqHand - _cleanupWindowlessSessions - Asynchronous Sessions clean-up phase starting NOW
[INFO  - 2016-07-03T23:31:45.098Z] SessionManagerReqHand - _cleanupWindowlessSessions - Asynchronous Sessions clean-up phase starting NOW
[INFO  - 2016-07-03T23:36:45.105Z] SessionManagerReqHand - _cleanupWindowlessSessions - Asynchronous Sessions clean-up phase starting NOW
[INFO  - 2016-07-03T23:41:45.113Z] SessionManagerReqHand - _cleanupWindowlessSessions - Asynchronous Sessions clean-up phase starting NOW
[INFO  - 2016-07-03T23:46:45.121Z] SessionManagerReqHand - _cleanupWindowlessSessions - Asynchronous Sessions clean-up phase starting NOW
[INFO  - 2016-07-03T23:51:45.129Z] SessionManagerReqHand - _cleanupWindowlessSessions - Asynchronous Sessions clean-up phase starting NOW
[INFO  - 2016-07-03T23:56:45.137Z] SessionManagerReqHand - _cleanupWindowlessSessions - Asynchronous Sessions clean-up phase starting NOW
[INFO  - 2016-07-04T00:01:45.145Z] SessionManagerReqHand - _cleanupWindowlessSessions - Asynchronous Sessions clean-up phase starting NOW
[INFO  - 2016-07-04T00:06:45.153Z] SessionManagerReqHand - _cleanupWindowlessSessions - Asynchronous Sessions clean-up phase starting NOW
[INFO  - 2016-07-04T00:11:45.160Z] SessionManagerReqHand - _cleanupWindowlessSessions - Asynchronous Sessions clean-up phase starting NOW
[INFO  - 2016-07-04T00:16:45.168Z] SessionManagerReqHand - _cleanupWindowlessSessions - Asynchronous Sessions clean-up phase starting NOW
[INFO  - 2016-07-04T00:21:45.176Z] SessionManagerReqHand - _cleanupWindowlessSessions - Asynchronous Sessions clean-up phase starting NOW
[INFO  - 2016-07-04T00:26:45.184Z] SessionManagerReqHand - _cleanupWindowlessSessions - Asynchronous Sessions clean-up phase starting NOW
[INFO  - 2016-07-04T00:31:45.191Z] SessionManagerReqHand - _cleanupWindowlessSessions - Asynchronous Sessions clean-up phase starting NOW
[INFO  - 2016-07-04T00:38:42.043Z] SessionManagerReqHand - _cleanupWindowlessSessions - Asynchronous Sessions clean-up phase starting NOW
[INFO  - 2016-07-04T00:43:42.050Z] SessionManagerReqHand - _cleanupWindowlessSessions - Asynchronous Sessions clean-up phase starting NOW
[INFO  - 2016-07-04T00:48:42.058Z] SessionManagerReqHand - _cleanupWindowlessSessions - Asynchronous Sessions clean-up phase starting NOW
[INFO  - 2016-07-04T16:45:49.083Z] SessionManagerReqHand - _cleanupWindowlessSessions - Asynchronous Sessions clean-up phase starting NOW
[INFO  - 2016-07-04T16:50:49.089Z] SessionManagerReqHand - _cleanupWindowlessSessions - Asynchronous Sessions clean-up phase starting NOW
[INFO  - 2016-07-04T16:55:49.692Z] SessionManagerReqHand - _cleanupWindowlessSessions - Asynchronous Sessions clean-up phase starting NOW
[INFO  - 2016-07-04T17:00:49.700Z] SessionManagerReqHand - _cleanupWindowlessSessions - Asynchronous Sessions clean-up phase starting NOW
[INFO  - 2016-07-04T17:05:49.708Z] SessionManagerReqHand - _cleanupWindowlessSessions - Asynchronous Sessions clean-up phase starting NOW
[INFO  - 2016-07-04T17:10:49.715Z] SessionManagerReqHand - _cleanupWindowlessSessions - Asynchronous Sessions clean-up phase starting NOW
[INFO  - 2016-07-04T17:15:49.725Z] SessionManagerReqHand - _cleanupWindowlessSessions - Asynchronous Sessions clean-up phase starting NOW
[INFO  - 2016-07-04T17:20:49.732Z] SessionManagerReqHand - _cleanupWindowlessSessions - Asynchronous Sessions clean-up phase starting NOW
[INFO  - 2016-07-04T17:25:49.740Z] SessionManagerReqHand - _cleanupWindowlessSessions - Asynchronous Sessions clean-up phase starting NOW
[INFO  - 2016-07-04T17:30:49.748Z] SessionManagerReqHand - _cleanupWindowlessSessions - Asynchronous Sessions clean-up phase starting NOW
[INFO  - 2016-07-04T17:35:49.755Z] SessionManagerReqHand - _cleanupWindowlessSessions - Asynchronous Sessions clean-up phase starting NOW
[INFO  - 2016-07-04T17:40:49.763Z] SessionManagerReqHand - _cleanupWindowlessSessions - Asynchronous Sessions clean-up phase starting NOW
[INFO  - 2016-07-04T17:45:49.771Z] SessionManagerReqHand - _cleanupWindowlessSessions - Asynchronous Sessions clean-up phase starting NOW
[INFO  - 2016-07-04T17:50:49.778Z] SessionManagerReqHand - _cleanupWindowlessSessions - Asynchronous Sessions clean-up phase starting NOW
[INFO  - 2016-07-04T17:55:49.786Z] SessionManagerReqHand - _cleanupWindowlessSessions - Asynchronous Sessions clean-up phase starting NOW
[INFO  - 2016-07-04T18:00:49.794Z] SessionManagerReqHand - _cleanupWindowlessSessions - Asynchronous Sessions clean-up phase starting NOW
[INFO  - 2016-07-04T18:05:49.801Z] SessionManagerReqHand - _cleanupWindowlessSessions - Asynchronous Sessions clean-up phase starting NOW
[INFO  - 2016-07-04T18:13:15.486Z] SessionManagerReqHand - _cleanupWindowlessSessions - Asynchronous Sessions clean-up phase starting NOW
[INFO  - 2016-07-04T18:18:15.494Z] SessionManagerReqHand - _cleanupWindowlessSessions - Asynchronous Sessions clean-up phase starting NOW
[INFO  - 2016-07-04T18:23:15.501Z] SessionManagerReqHand - _cleanupWindowlessSessions - Asynchronous Sessions clean-up phase starting NOW
[INFO  - 2016-07-04T18:28:32.458Z] SessionManagerReqHand - _cleanupWindowlessSessions - Asynchronous Sessions clean-up phase starting NOW
[INFO  - 2016-07-04T18:33:32.465Z] SessionManagerReqHand - _cleanupWindowlessSessions - Asynchronous Sessions clean-up phase starting NOW
[INFO  - 2016-07-04T18:38:32.473Z] SessionManagerReqHand - _cleanupWindowlessSessions - Asynchronous Sessions clean-up phase starting NOW
[INFO  - 2016-07-04T18:43:32.480Z] SessionManagerReqHand - _cleanupWindowlessSessions - Asynchronous Sessions clean-up phase starting NOW
[INFO  - 2016-07-04T18:48:32.487Z] SessionManagerReqHand - _cleanupWindowlessSessions - Asynchronous Sessions clean-up phase starting NOW
[INFO  - 2016-07-04T18:54:13.080Z] SessionManagerReqHand - _cleanupWindowlessSessions - Asynchronous Sessions clean-up phase starting NOW
[INFO  - 2016-07-04T19:40:49.026Z] SessionManagerReqHand - _cleanupWindowlessSessions - Asynchronous Sessions clean-up phase starting NOW
[INFO  - 2016-07-04T19:45:49.033Z] SessionManagerReqHand - _cleanupWindowlessSessions - Asynchronous Sessions clean-up phase starting NOW
[INFO  - 2016-07-04T19:50:49.040Z] SessionManagerReqHand - _cleanupWindowlessSessions - Asynchronous Sessions clean-up phase starting NOW
[INFO  - 2016-07-04T19:55:49.047Z] SessionManagerReqHand - _cleanupWindowlessSessions - Asynchronous Sessions clean-up phase starting NOW
[INFO  - 2016-07-04T20:00:49.054Z] SessionManagerReqHand - _cleanupWindowlessSessions - Asynchronous Sessions clean-up phase starting NOW
[INFO  - 2016-07-04T20:05:49.061Z] SessionManagerReqHand - _cleanupWindowlessSessions - Asynchronous Sessions clean-up phase starting NOW
[INFO  - 2016-07-04T20:10:49.068Z] SessionManagerReqHand - _cleanupWindowlessSessions - Asynchronous Sessions clean-up phase starting NOW
[INFO  - 2016-07-04T20:15:49.076Z] SessionManagerReqHand - _cleanupWindowlessSessions - Asynchronous Sessions clean-up phase starting NOW
[INFO  - 2016-07-04T20:20:49.113Z] SessionManagerReqHand - _cleanupWindowlessSessions - Asynchronous Sessions clean-up phase starting NOW
[INFO  - 2016-07-04T20:25:49.090Z] SessionManagerReqHand - _cleanupWindowlessSessions - Asynchronous Sessions clean-up phase starting NOW
[INFO  - 2016-07-04T20:30:49.098Z] SessionManagerReqHand - _cleanupWindowlessSessions - Asynchronous Sessions clean-up phase starting NOW
[INFO  - 2016-07-04T20:35:49.105Z] SessionManagerReqHand - _cleanupWindowlessSessions - Asynchronous Sessions clean-up phase starting NOW
[INFO  - 2016-07-04T20:40:49.113Z] SessionManagerReqHand - _cleanupWindowlessSessions - Asynchronous Sessions clean-up phase starting NOW
[INFO  - 2016-07-04T20:45:49.120Z] SessionManagerReqHand - _cleanupWindowlessSessions - Asynchronous Sessions clean-up phase starting NOW
[INFO  - 2016-07-04T20:50:49.127Z] SessionManagerReqHand - _cleanupWindowlessSessions - Asynchronous Sessions clean-up phase starting NOW
[INFO  - 2016-07-04T20:55:49.135Z] SessionManagerReqHand - _cleanupWindowlessSessions - Asynchronous Sessions clean-up phase starting NOW
[INFO  - 2016-07-04T21:00:49.144Z] SessionManagerReqHand - _cleanupWindowlessSessions - Asynchronous Sessions clean-up phase starting NOW
[INFO  - 2016-07-04T21:05:49.152Z] SessionManagerReqHand - _cleanupWindowlessSessions - Asynchronous Sessions clean-up phase starting NOW
[INFO  - 2016-07-04T21:10:49.160Z] SessionManagerReqHand - _cleanupWindowlessSessions - Asynchronous Sessions clean-up phase starting NOW
[INFO  - 2016-07-04T21:41:17.423Z] SessionManagerReqHand - _cleanupWindowlessSessions - Asynchronous Sessions clean-up phase starting NOW
[INFO  - 2016-07-04T21:46:17.432Z] SessionManagerReqHand - _cleanupWindowlessSessions - Asynchronous Sessions clean-up phase starting NOW
[INFO  - 2016-07-04T21:51:17.441Z] SessionManagerReqHand - _cleanupWindowlessSessions - Asynchronous Sessions clean-up phase starting NOW
[INFO  - 2016-07-04T23:23:57.568Z] SessionManagerReqHand - _cleanupWindowlessSessions - Asynchronous Sessions clean-up phase starting NOW
[INFO  - 2016-07-04T23:29:14.698Z] SessionManagerReqHand - _cleanupWindowlessSessions - Asynchronous Sessions clean-up phase starting NOW
[INFO  - 2016-07-04T23:34:14.707Z] SessionManagerReqHand - _cleanupWindowlessSessions - Asynchronous Sessions clean-up phase starting NOW
[INFO  - 2016-07-05T00:37:03.888Z] SessionManagerReqHand - _cleanupWindowlessSessions - Asynchronous Sessions clean-up phase starting NOW
[INFO  - 2016-07-05T00:42:03.897Z] SessionManagerReqHand - _cleanupWindowlessSessions - Asynchronous Sessions clean-up phase starting NOW
[INFO  - 2016-07-05T01:01:48.506Z] SessionManagerReqHand - _cleanupWindowlessSessions - Asynchronous Sessions clean-up phase starting NOW
[INFO  - 2016-07-05T01:06:48.515Z] SessionManagerReqHand - _cleanupWindowlessSessions - Asynchronous Sessions clean-up phase starting NOW
[INFO  - 2016-07-05T01:13:43.225Z] SessionManagerReqHand - _cleanupWindowlessSessions - Asynchronous Sessions clean-up phase starting NOW
[INFO  - 2016-07-05T01:34:46.232Z] SessionManagerReqHand - _cleanupWindowlessSessions - Asynchronous Sessions clean-up phase starting NOW
[INFO  - 2016-07-05T01:39:46.241Z] SessionManagerReqHand - _cleanupWindowlessSessions - Asynchronous Sessions clean-up phase starting NOW
[INFO  - 2016-07-05T02:22:12.495Z] SessionManagerReqHand - _cleanupWindowlessSessions - Asynchronous Sessions clean-up phase starting NOW
[INFO  - 2016-07-05T02:27:12.503Z] SessionManagerReqHand - _cleanupWindowlessSessions - Asynchronous Sessions clean-up phase starting NOW
[INFO  - 2016-07-05T02:32:12.512Z] SessionManagerReqHand - _cleanupWindowlessSessions - Asynchronous Sessions clean-up phase starting NOW
[INFO  - 2016-07-05T02:37:12.520Z] SessionManagerReqHand - _cleanupWindowlessSessions - Asynchronous Sessions clean-up phase starting NOW
[INFO  - 2016-07-05T02:42:12.529Z] SessionManagerReqHand - _cleanupWindowlessSessions - Asynchronous Sessions clean-up phase starting NOW
[INFO  - 2016-07-05T02:47:12.537Z] SessionManagerReqHand - _cleanupWindowlessSessions - Asynchronous Sessions clean-up phase starting NOW
[INFO  - 2016-07-05T02:52:12.546Z] SessionManagerReqHand - _cleanupWindowlessSessions - Asynchronous Sessions clean-up phase starting NOW
[INFO  - 2016-07-05T02:57:12.554Z] SessionManagerReqHand - _cleanupWindowlessSessions - Asynchronous Sessions clean-up phase starting NOW
[INFO  - 2016-07-05T04:47:49.501Z] SessionManagerReqHand - _cleanupWindowlessSessions - Asynchronous Sessions clean-up phase starting NOW
[INFO  - 2016-07-05T04:52:49.510Z] SessionManagerReqHand - _cleanupWindowlessSessions - Asynchronous Sessions clean-up phase starting NOW
[INFO  - 2016-07-05T04:57:49.518Z] SessionManagerReqHand - _cleanupWindowlessSessions - Asynchronous Sessions clean-up phase starting NOW
[INFO  - 2016-07-05T12:44:52.634Z] SessionManagerReqHand - _cleanupWindowlessSessions - Asynchronous Sessions clean-up phase starting NOW
[INFO  - 2016-07-05T12:49:52.641Z] SessionManagerReqHand - _cleanupWindowlessSessions - Asynchronous Sessions clean-up phase starting NOW
[INFO  - 2016-07-05T12:54:52.648Z] SessionManagerReqHand - _cleanupWindowlessSessions - Asynchronous Sessions clean-up phase starting NOW
[INFO  - 2016-07-05T12:59:52.656Z] SessionManagerReqHand - _cleanupWindowlessSessions - Asynchronous Sessions clean-up phase starting NOW
[INFO  - 2016-07-05T13:04:52.664Z] SessionManagerReqHand - _cleanupWindowlessSessions - Asynchronous Sessions clean-up phase starting NOW
[INFO  - 2016-07-05T13:09:52.672Z] SessionManagerReqHand - _cleanupWindowlessSessions - Asynchronous Sessions clean-up phase starting NOW
[INFO  - 2016-07-05T13:14:52.680Z] SessionManagerReqHand - _cleanupWindowlessSessions - Asynchronous Sessions clean-up phase starting NOW
[INFO  - 2016-07-05T13:19:52.690Z] SessionManagerReqHand - _cleanupWindowlessSessions - Asynchronous Sessions clean-up phase starting NOW
[INFO  - 2016-07-05T13:24:52.696Z] SessionManagerReqHand - _cleanupWindowlessSessions - Asynchronous Sessions clean-up phase starting NOW
[INFO  - 2016-07-05T13:29:52.703Z] SessionManagerReqHand - _cleanupWindowlessSessions - Asynchronous Sessions clean-up phase starting NOW
[INFO  - 2016-07-05T13:34:52.711Z] SessionManagerReqHand - _cleanupWindowlessSessions - Asynchronous Sessions clean-up phase starting NOW
[INFO  - 2016-07-05T13:39:52.719Z] SessionManagerReqHand - _cleanupWindowlessSessions - Asynchronous Sessions clean-up phase starting NOW
[INFO  - 2016-07-05T13:44:52.728Z] SessionManagerReqHand - _cleanupWindowlessSessions - Asynchronous Sessions clean-up phase starting NOW
[INFO  - 2016-07-05T13:49:52.735Z] SessionManagerReqHand - _cleanupWindowlessSessions - Asynchronous Sessions clean-up phase starting NOW
[INFO  - 2016-07-05T13:54:52.743Z] SessionManagerReqHand - _cleanupWindowlessSessions - Asynchronous Sessions clean-up phase starting NOW
[INFO  - 2016-07-05T13:59:52.753Z] SessionManagerReqHand - _cleanupWindowlessSessions - Asynchronous Sessions clean-up phase starting NOW
[INFO  - 2016-07-05T14:04:52.761Z] SessionManagerReqHand - _cleanupWindowlessSessions - Asynchronous Sessions clean-up phase starting NOW
[INFO  - 2016-07-05T14:09:52.769Z] SessionManagerReqHand - _cleanupWindowlessSessions - Asynchronous Sessions clean-up phase starting NOW
[INFO  - 2016-07-05T14:14:52.776Z] SessionManagerReqHand - _cleanupWindowlessSessions - Asynchronous Sessions clean-up phase starting NOW
[INFO  - 2016-07-05T14:19:52.784Z] SessionManagerReqHand - _cleanupWindowlessSessions - Asynchronous Sessions clean-up phase starting NOW
[INFO  - 2016-07-05T14:24:52.792Z] SessionManagerReqHand - _cleanupWindowlessSessions - Asynchronous Sessions clean-up phase starting NOW
[INFO  - 2016-07-05T14:29:52.800Z] SessionManagerReqHand - _cleanupWindowlessSessions - Asynchronous Sessions clean-up phase starting NOW
[INFO  - 2016-07-05T14:34:52.807Z] SessionManagerReqHand - _cleanupWindowlessSessions - Asynchronous Sessions clean-up phase starting NOW
[INFO  - 2016-07-05T14:39:52.815Z] SessionManagerReqHand - _cleanupWindowlessSessions - Asynchronous Sessions clean-up phase starting NOW
[INFO  - 2016-07-05T14:44:53.124Z] SessionManagerReqHand - _cleanupWindowlessSessions - Asynchronous Sessions clean-up phase starting NOW
[INFO  - 2016-07-05T14:49:53.131Z] SessionManagerReqHand - _cleanupWindowlessSessions - Asynchronous Sessions clean-up phase starting NOW
[INFO  - 2016-07-05T14:54:53.139Z] SessionManagerReqHand - _cleanupWindowlessSessions - Asynchronous Sessions clean-up phase starting NOW
[INFO  - 2016-07-05T14:59:53.146Z] SessionManagerReqHand - _cleanupWindowlessSessions - Asynchronous Sessions clean-up phase starting NOW
[INFO  - 2016-07-05T15:04:53.153Z] SessionManagerReqHand - _cleanupWindowlessSessions - Asynchronous Sessions clean-up phase starting NOW
[INFO  - 2016-07-05T15:09:53.161Z] SessionManagerReqHand - _cleanupWindowlessSessions - Asynchronous Sessions clean-up phase starting NOW
[INFO  - 2016-07-05T15:14:53.168Z] SessionManagerReqHand - _cleanupWindowlessSessions - Asynchronous Sessions clean-up phase starting NOW
[INFO  - 2016-07-05T15:19:53.176Z] SessionManagerReqHand - _cleanupWindowlessSessions - Asynchronous Sessions clean-up phase starting NOW
[INFO  - 2016-07-05T15:24:53.183Z] SessionManagerReqHand - _cleanupWindowlessSessions - Asynchronous Sessions clean-up phase starting NOW
[INFO  - 2016-07-05T15:29:53.191Z] SessionManagerReqHand - _cleanupWindowlessSessions - Asynchronous Sessions clean-up phase starting NOW
[INFO  - 2016-07-05T15:34:53.198Z] SessionManagerReqHand - _cleanupWindowlessSessions - Asynchronous Sessions clean-up phase starting NOW
[INFO  - 2016-07-05T15:39:53.206Z] SessionManagerReqHand - _cleanupWindowlessSessions - Asynchronous Sessions clean-up phase starting NOW
[INFO  - 2016-07-05T15:44:53.214Z] SessionManagerReqHand - _cleanupWindowlessSessions - Asynchronous Sessions clean-up phase starting NOW
[INFO  - 2016-07-05T15:49:53.221Z] SessionManagerReqHand - _cleanupWindowlessSessions - Asynchronous Sessions clean-up phase starting NOW
[INFO  - 2016-07-05T15:54:53.229Z] SessionManagerReqHand - _cleanupWindowlessSessions - Asynchronous Sessions clean-up phase starting NOW
[INFO  - 2016-07-05T15:59:53.237Z] SessionManagerReqHand - _cleanupWindowlessSessions - Asynchronous Sessions clean-up phase starting NOW
[INFO  - 2016-07-05T16:04:53.244Z] SessionManagerReqHand - _cleanupWindowlessSessions - Asynchronous Sessions clean-up phase starting NOW
[INFO  - 2016-07-05T16:09:53.252Z] SessionManagerReqHand - _cleanupWindowlessSessions - Asynchronous Sessions clean-up phase starting NOW
[INFO  - 2016-07-05T16:14:53.260Z] SessionManagerReqHand - _cleanupWindowlessSessions - Asynchronous Sessions clean-up phase starting NOW
[INFO  - 2016-07-05T16:19:53.267Z] SessionManagerReqHand - _cleanupWindowlessSessions - Asynchronous Sessions clean-up phase starting NOW
[INFO  - 2016-07-05T16:24:53.275Z] SessionManagerReqHand - _cleanupWindowlessSessions - Asynchronous Sessions clean-up phase starting NOW
[INFO  - 2016-07-05T16:29:53.283Z] SessionManagerReqHand - _cleanupWindowlessSessions - Asynchronous Sessions clean-up phase starting NOW
[INFO  - 2016-07-05T16:34:53.291Z] SessionManagerReqHand - _cleanupWindowlessSessions - Asynchronous Sessions clean-up phase starting NOW
[INFO  - 2016-07-05T17:25:51.334Z] SessionManagerReqHand - _cleanupWindowlessSessions - Asynchronous Sessions clean-up phase starting NOW
[INFO  - 2016-07-05T17:30:51.342Z] SessionManagerReqHand - _cleanupWindowlessSessions - Asynchronous Sessions clean-up phase starting NOW
[INFO  - 2016-07-05T17:37:07.336Z] SessionManagerReqHand - _cleanupWindowlessSessions - Asynchronous Sessions clean-up phase starting NOW
[INFO  - 2016-07-05T17:42:07.344Z] SessionManagerReqHand - _cleanupWindowlessSessions - Asynchronous Sessions clean-up phase starting NOW
[INFO  - 2016-07-05T17:47:07.352Z] SessionManagerReqHand - _cleanupWindowlessSessions - Asynchronous Sessions clean-up phase starting NOW
[INFO  - 2016-07-05T17:52:07.360Z] SessionManagerReqHand - _cleanupWindowlessSessions - Asynchronous Sessions clean-up phase starting NOW
[INFO  - 2016-07-05T17:57:09.393Z] SessionManagerReqHand - _cleanupWindowlessSessions - Asynchronous Sessions clean-up phase starting NOW
[INFO  - 2016-07-05T18:02:09.401Z] SessionManagerReqHand - _cleanupWindowlessSessions - Asynchronous Sessions clean-up phase starting NOW
[INFO  - 2016-07-05T18:07:09.409Z] SessionManagerReqHand - _cleanupWindowlessSessions - Asynchronous Sessions clean-up phase starting NOW
[INFO  - 2016-07-05T18:12:09.417Z] SessionManagerReqHand - _cleanupWindowlessSessions - Asynchronous Sessions clean-up phase starting NOW
[INFO  - 2016-07-05T18:17:09.425Z] SessionManagerReqHand - _cleanupWindowlessSessions - Asynchronous Sessions clean-up phase starting NOW
[INFO  - 2016-07-05T18:22:09.433Z] SessionManagerReqHand - _cleanupWindowlessSessions - Asynchronous Sessions clean-up phase starting NOW
[INFO  - 2016-07-05T18:27:09.441Z] SessionManagerReqHand - _cleanupWindowlessSessions - Asynchronous Sessions clean-up phase starting NOW
[INFO  - 2016-07-05T18:32:09.449Z] SessionManagerReqHand - _cleanupWindowlessSessions - Asynchronous Sessions clean-up phase starting NOW
[INFO  - 2016-07-05T18:37:09.457Z] SessionManagerReqHand - _cleanupWindowlessSessions - Asynchronous Sessions clean-up phase starting NOW
[INFO  - 2016-07-05T18:42:09.465Z] SessionManagerReqHand - _cleanupWindowlessSessions - Asynchronous Sessions clean-up phase starting NOW
[INFO  - 2016-07-05T18:47:09.473Z] SessionManagerReqHand - _cleanupWindowlessSessions - Asynchronous Sessions clean-up phase starting NOW
[INFO  - 2016-07-05T18:52:09.481Z] SessionManagerReqHand - _cleanupWindowlessSessions - Asynchronous Sessions clean-up phase starting NOW
[INFO  - 2016-07-05T18:57:09.493Z] SessionManagerReqHand - _cleanupWindowlessSessions - Asynchronous Sessions clean-up phase starting NOW
[INFO  - 2016-07-05T19:02:09.501Z] SessionManagerReqHand - _cleanupWindowlessSessions - Asynchronous Sessions clean-up phase starting NOW
[INFO  - 2016-07-05T19:07:09.509Z] SessionManagerReqHand - _cleanupWindowlessSessions - Asynchronous Sessions clean-up phase starting NOW
[INFO  - 2016-07-05T19:12:09.517Z] SessionManagerReqHand - _cleanupWindowlessSessions - Asynchronous Sessions clean-up phase starting NOW
[INFO  - 2016-07-05T19:17:09.525Z] SessionManagerReqHand - _cleanupWindowlessSessions - Asynchronous Sessions clean-up phase starting NOW
[INFO  - 2016-07-05T19:22:09.533Z] SessionManagerReqHand - _cleanupWindowlessSessions - Asynchronous Sessions clean-up phase starting NOW
[INFO  - 2016-07-05T19:27:09.541Z] SessionManagerReqHand - _cleanupWindowlessSessions - Asynchronous Sessions clean-up phase starting NOW
[INFO  - 2016-07-05T19:32:09.549Z] SessionManagerReqHand - _cleanupWindowlessSessions - Asynchronous Sessions clean-up phase starting NOW
[INFO  - 2016-07-05T19:37:09.557Z] SessionManagerReqHand - _cleanupWindowlessSessions - Asynchronous Sessions clean-up phase starting NOW
[INFO  - 2016-07-05T19:42:09.565Z] SessionManagerReqHand - _cleanupWindowlessSessions - Asynchronous Sessions clean-up phase starting NOW
[INFO  - 2016-07-05T19:47:09.573Z] SessionManagerReqHand - _cleanupWindowlessSessions - Asynchronous Sessions clean-up phase starting NOW
[INFO  - 2016-07-05T19:52:09.581Z] SessionManagerReqHand - _cleanupWindowlessSessions - Asynchronous Sessions clean-up phase starting NOW
[INFO  - 2016-07-05T19:59:48.429Z] SessionManagerReqHand - _cleanupWindowlessSessions - Asynchronous Sessions clean-up phase starting NOW
[INFO  - 2016-07-05T20:04:48.439Z] SessionManagerReqHand - _cleanupWindowlessSessions - Asynchronous Sessions clean-up phase starting NOW
[INFO  - 2016-07-05T20:09:48.448Z] SessionManagerReqHand - _cleanupWindowlessSessions - Asynchronous Sessions clean-up phase starting NOW
[INFO  - 2016-07-05T20:14:48.457Z] SessionManagerReqHand - _cleanupWindowlessSessions - Asynchronous Sessions clean-up phase starting NOW
[INFO  - 2016-07-05T20:19:48.465Z] SessionManagerReqHand - _cleanupWindowlessSessions - Asynchronous Sessions clean-up phase starting NOW
[INFO  - 2016-07-05T20:24:48.473Z] SessionManagerReqHand - _cleanupWindowlessSessions - Asynchronous Sessions clean-up phase starting NOW
[INFO  - 2016-07-05T20:29:48.481Z] SessionManagerReqHand - _cleanupWindowlessSessions - Asynchronous Sessions clean-up phase starting NOW
[INFO  - 2016-07-05T20:34:48.489Z] SessionManagerReqHand - _cleanupWindowlessSessions - Asynchronous Sessions clean-up phase starting NOW
[INFO  - 2016-07-05T20:39:48.497Z] SessionManagerReqHand - _cleanupWindowlessSessions - Asynchronous Sessions clean-up phase starting NOW
[INFO  - 2016-07-05T20:54:03.187Z] SessionManagerReqHand - _cleanupWindowlessSessions - Asynchronous Sessions clean-up phase starting NOW
[INFO  - 2016-07-05T20:59:03.195Z] SessionManagerReqHand - _cleanupWindowlessSessions - Asynchronous Sessions clean-up phase starting NOW
[INFO  - 2016-07-05T21:09:56.083Z] SessionManagerReqHand - _cleanupWindowlessSessions - Asynchronous Sessions clean-up phase starting NOW
[INFO  - 2016-07-05T21:14:56.091Z] SessionManagerReqHand - _cleanupWindowlessSessions - Asynchronous Sessions clean-up phase starting NOW
[INFO  - 2016-07-05T21:19:56.099Z] SessionManagerReqHand - _cleanupWindowlessSessions - Asynchronous Sessions clean-up phase starting NOW
[INFO  - 2016-07-05T21:33:27.371Z] SessionManagerReqHand - _cleanupWindowlessSessions - Asynchronous Sessions clean-up phase starting NOW
[INFO  - 2016-07-05T22:14:39.085Z] SessionManagerReqHand - _cleanupWindowlessSessions - Asynchronous Sessions clean-up phase starting NOW
[INFO  - 2016-07-05T22:19:39.094Z] SessionManagerReqHand - _cleanupWindowlessSessions - Asynchronous Sessions clean-up phase starting NOW
[INFO  - 2016-07-05T22:32:22.981Z] SessionManagerReqHand - _cleanupWindowlessSessions - Asynchronous Sessions clean-up phase starting NOW
[INFO  - 2016-07-06T01:12:44.987Z] SessionManagerReqHand - _cleanupWindowlessSessions - Asynchronous Sessions clean-up phase starting NOW
[INFO  - 2016-07-06T01:17:44.995Z] SessionManagerReqHand - _cleanupWindowlessSessions - Asynchronous Sessions clean-up phase starting NOW
[INFO  - 2016-07-06T01:22:45.003Z] SessionManagerReqHand - _cleanupWindowlessSessions - Asynchronous Sessions clean-up phase starting NOW
[INFO  - 2016-07-06T01:27:45.011Z] SessionManagerReqHand - _cleanupWindowlessSessions - Asynchronous Sessions clean-up phase starting NOW
[INFO  - 2016-07-06T01:32:45.020Z] SessionManagerReqHand - _cleanupWindowlessSessions - Asynchronous Sessions clean-up phase starting NOW
[INFO  - 2016-07-06T01:37:45.027Z] SessionManagerReqHand - _cleanupWindowlessSessions - Asynchronous Sessions clean-up phase starting NOW
[INFO  - 2016-07-06T01:42:45.035Z] SessionManagerReqHand - _cleanupWindowlessSessions - Asynchronous Sessions clean-up phase starting NOW
[INFO  - 2016-07-06T01:47:45.043Z] SessionManagerReqHand - _cleanupWindowlessSessions - Asynchronous Sessions clean-up phase starting NOW
[INFO  - 2016-07-06T01:52:45.051Z] SessionManagerReqHand - _cleanupWindowlessSessions - Asynchronous Sessions clean-up phase starting NOW
[INFO  - 2016-07-06T01:57:45.059Z] SessionManagerReqHand - _cleanupWindowlessSessions - Asynchronous Sessions clean-up phase starting NOW
[INFO  - 2016-07-06T02:02:45.070Z] SessionManagerReqHand - _cleanupWindowlessSessions - Asynchronous Sessions clean-up phase starting NOW
[INFO  - 2016-07-06T02:07:45.078Z] SessionManagerReqHand - _cleanupWindowlessSessions - Asynchronous Sessions clean-up phase starting NOW
[INFO  - 2016-07-06T02:12:45.086Z] SessionManagerReqHand - _cleanupWindowlessSessions - Asynchronous Sessions clean-up phase starting NOW
[INFO  - 2016-07-06T02:17:45.094Z] SessionManagerReqHand - _cleanupWindowlessSessions - Asynchronous Sessions clean-up phase starting NOW
[INFO  - 2016-07-06T02:22:45.102Z] SessionManagerReqHand - _cleanupWindowlessSessions - Asynchronous Sessions clean-up phase starting NOW
[INFO  - 2016-07-06T02:27:45.110Z] SessionManagerReqHand - _cleanupWindowlessSessions - Asynchronous Sessions clean-up phase starting NOW
[INFO  - 2016-07-06T02:32:45.117Z] SessionManagerReqHand - _cleanupWindowlessSessions - Asynchronous Sessions clean-up phase starting NOW
[INFO  - 2016-07-06T02:37:45.123Z] SessionManagerReqHand - _cleanupWindowlessSessions - Asynchronous Sessions clean-up phase starting NOW
[INFO  - 2016-07-06T02:42:45.130Z] SessionManagerReqHand - _cleanupWindowlessSessions - Asynchronous Sessions clean-up phase starting NOW
[INFO  - 2016-07-06T02:47:45.137Z] SessionManagerReqHand - _cleanupWindowlessSessions - Asynchronous Sessions clean-up phase starting NOW
[INFO  - 2016-07-06T02:52:45.144Z] SessionManagerReqHand - _cleanupWindowlessSessions - Asynchronous Sessions clean-up phase starting NOW
[INFO  - 2016-07-06T02:57:45.150Z] SessionManagerReqHand - _cleanupWindowlessSessions - Asynchronous Sessions clean-up phase starting NOW
[INFO  - 2016-07-06T03:02:45.157Z] SessionManagerReqHand - _cleanupWindowlessSessions - Asynchronous Sessions clean-up phase starting NOW
[INFO  - 2016-07-06T03:07:45.164Z] SessionManagerReqHand - _cleanupWindowlessSessions - Asynchronous Sessions clean-up phase starting NOW
[INFO  - 2016-07-06T03:12:45.170Z] SessionManagerReqHand - _cleanupWindowlessSessions - Asynchronous Sessions clean-up phase starting NOW
[INFO  - 2016-07-06T03:17:45.177Z] SessionManagerReqHand - _cleanupWindowlessSessions - Asynchronous Sessions clean-up phase starting NOW
[INFO  - 2016-07-06T03:22:45.184Z] SessionManagerReqHand - _cleanupWindowlessSessions - Asynchronous Sessions clean-up phase starting NOW
[INFO  - 2016-07-06T03:27:45.190Z] SessionManagerReqHand - _cleanupWindowlessSessions - Asynchronous Sessions clean-up phase starting NOW
[INFO  - 2016-07-06T03:32:45.197Z] SessionManagerReqHand - _cleanupWindowlessSessions - Asynchronous Sessions clean-up phase starting NOW
[INFO  - 2016-07-06T03:37:45.204Z] SessionManagerReqHand - _cleanupWindowlessSessions - Asynchronous Sessions clean-up phase starting NOW
[INFO  - 2016-07-06T03:42:45.211Z] SessionManagerReqHand - _cleanupWindowlessSessions - Asynchronous Sessions clean-up phase starting NOW
[INFO  - 2016-07-06T03:47:45.218Z] SessionManagerReqHand - _cleanupWindowlessSessions - Asynchronous Sessions clean-up phase starting NOW
[INFO  - 2016-07-06T03:52:45.225Z] SessionManagerReqHand - _cleanupWindowlessSessions - Asynchronous Sessions clean-up phase starting NOW
[INFO  - 2016-07-06T03:57:45.232Z] SessionManagerReqHand - _cleanupWindowlessSessions - Asynchronous Sessions clean-up phase starting NOW
[INFO  - 2016-07-06T04:02:45.239Z] SessionManagerReqHand - _cleanupWindowlessSessions - Asynchronous Sessions clean-up phase starting NOW
[INFO  - 2016-07-06T04:07:45.246Z] SessionManagerReqHand - _cleanupWindowlessSessions - Asynchronous Sessions clean-up phase starting NOW
[INFO  - 2016-07-06T04:12:45.256Z] SessionManagerReqHand - _cleanupWindowlessSessions - Asynchronous Sessions clean-up phase starting NOW
[INFO  - 2016-07-06T04:17:45.263Z] SessionManagerReqHand - _cleanupWindowlessSessions - Asynchronous Sessions clean-up phase starting NOW
[INFO  - 2016-07-06T02:58:56.170Z] SessionManagerReqHand - _cleanupWindowlessSessions - Asynchronous Sessions clean-up phase starting NOW
[INFO  - 2016-07-06T03:03:56.177Z] SessionManagerReqHand - _cleanupWindowlessSessions - Asynchronous Sessions clean-up phase starting NOW
[INFO  - 2016-07-06T03:08:56.183Z] SessionManagerReqHand - _cleanupWindowlessSessions - Asynchronous Sessions clean-up phase starting NOW
[INFO  - 2016-07-06T03:13:56.190Z] SessionManagerReqHand - _cleanupWindowlessSessions - Asynchronous Sessions clean-up phase starting NOW
[INFO  - 2016-07-06T03:18:56.197Z] SessionManagerReqHand - _cleanupWindowlessSessions - Asynchronous Sessions clean-up phase starting NOW
[INFO  - 2016-07-06T03:23:56.203Z] SessionManagerReqHand - _cleanupWindowlessSessions - Asynchronous Sessions clean-up phase starting NOW
[INFO  - 2016-07-06T03:28:56.210Z] SessionManagerReqHand - _cleanupWindowlessSessions - Asynchronous Sessions clean-up phase starting NOW
[INFO  - 2016-07-06T03:33:56.217Z] SessionManagerReqHand - _cleanupWindowlessSessions - Asynchronous Sessions clean-up phase starting NOW
[INFO  - 2016-07-06T03:38:56.223Z] SessionManagerReqHand - _cleanupWindowlessSessions - Asynchronous Sessions clean-up phase starting NOW
[INFO  - 2016-07-06T03:43:56.230Z] SessionManagerReqHand - _cleanupWindowlessSessions - Asynchronous Sessions clean-up phase starting NOW
[INFO  - 2016-07-06T03:48:56.237Z] SessionManagerReqHand - _cleanupWindowlessSessions - Asynchronous Sessions clean-up phase starting NOW
[INFO  - 2016-07-06T03:53:56.244Z] SessionManagerReqHand - _cleanupWindowlessSessions - Asynchronous Sessions clean-up phase starting NOW
[INFO  - 2016-07-06T03:58:56.251Z] SessionManagerReqHand - _cleanupWindowlessSessions - Asynchronous Sessions clean-up phase starting NOW
[INFO  - 2016-07-06T04:03:56.258Z] SessionManagerReqHand - _cleanupWindowlessSessions - Asynchronous Sessions clean-up phase starting NOW
[INFO  - 2016-07-06T04:08:56.265Z] SessionManagerReqHand - _cleanupWindowlessSessions - Asynchronous Sessions clean-up phase starting NOW
[INFO  - 2016-07-06T04:13:56.272Z] SessionManagerReqHand - _cleanupWindowlessSessions - Asynchronous Sessions clean-up phase starting NOW
[INFO  - 2016-07-06T04:13:17.390Z] SessionManagerReqHand - _cleanupWindowlessSessions - Asynchronous Sessions clean-up phase starting NOW
[INFO  - 2016-07-06T04:18:17.397Z] SessionManagerReqHand - _cleanupWindowlessSessions - Asynchronous Sessions clean-up phase starting NOW
